<?xml version="1.0" encoding="UTF-8"?>
<testng-results ignored="0" total="1" passed="1" failed="0" skipped="0">
  <reporter-output>
  </reporter-output>
  <suite started-at="2022-06-30T00:38:57 COT" name="Default suite" finished-at="2022-06-30T00:39:00 COT" duration-ms="2666">
    <groups>
    </groups>
    <test started-at="2022-06-30T00:38:57 COT" name="Default test" finished-at="2022-06-30T00:39:00 COT" duration-ms="2666">
      <class name="com.google.GoogleTest">
        <test-method is-config="true" signature="beforeTest()[pri:0, instance:com.google.GoogleTest@7e5afaa6]" started-at="2022-06-30T00:38:57 COT" name="beforeTest" finished-at="2022-06-30T00:38:57 COT" duration-ms="7" status="PASS">
          <reporter-output>
          </reporter-output>
        </test-method> <!-- beforeTest -->
        <test-method signature="f()[pri:0, instance:com.google.GoogleTest@7e5afaa6]" started-at="2022-06-30T00:38:57 COT" name="f" finished-at="2022-06-30T00:39:00 COT" duration-ms="2626" status="PASS">
          <reporter-output>
          </reporter-output>
        </test-method> <!-- f -->
        <test-method is-config="true" signature="afterTest()[pri:0, instance:com.google.GoogleTest@7e5afaa6]" started-at="2022-06-30T00:39:00 COT" name="afterTest" finished-at="2022-06-30T00:39:00 COT" duration-ms="0" status="PASS">
          <reporter-output>
          </reporter-output>
        </test-method> <!-- afterTest -->
      </class> <!-- com.google.GoogleTest -->
    </test> <!-- Default test -->
  </suite> <!-- Default suite -->
</testng-results>
